<?xml version="1.0" encoding="UTF-8"?>
<!-- Generated by org.testng.reporters.JUnitReportReporter -->
<testsuite hostname="DESKTOP-OJSF9Q6" failures="0" tests="1" name="POM_DDF_TestNG.instagramTest" time="25.943" errors="0" timestamp="2020-12-07T11:01:12 IST" skipped="0">
  <testcase classname="POM_DDF_TestNG.instagramTest" name="notifications" time="25.943"/>
  <system-out/>
</testsuite> <!-- POM_DDF_TestNG.instagramTest -->
