<?xml version="1.0" encoding="UTF-8"?>
<!-- Generated by org.testng.reporters.JUnitReportReporter -->
<testsuite hostname="DESKTOP-OJSF9Q6" failures="0" tests="2" name="FailedTest_Case.fail" time="0.052" errors="0" timestamp="2020-12-15T23:52:50 IST" skipped="0">
  <testcase classname="FailedTest_Case.fail" name="test4" time="0.046"/>
  <system-out>
running test case 4  </system-out>
  <testcase classname="FailedTest_Case.fail" name="test2" time="0.006"/>
  <system-out>
running test case 2  </system-out>
</testsuite> <!-- FailedTest_Case.fail -->
