<?xml version="1.0" encoding="UTF-8"?>
<!-- Generated by org.testng.reporters.JUnitReportReporter -->
<testsuite hostname="DESKTOP-OJSF9Q6" failures="0" tests="1" name="parallel.para1" time="56.285" errors="0" timestamp="2021-01-17T00:36:34 IST" skipped="0">
  <testcase classname="parallel.para1" name="add" time="56.285"/>
  <system-out/>
</testsuite> <!-- parallel.para1 -->
