<?xml version="1.0" encoding="UTF-8"?>
<!-- Generated by org.testng.reporters.JUnitReportReporter -->
<testsuite hostname="DESKTOP-OJSF9Q6" failures="0" tests="1" name="ParaTest.Demo" time="125.851" errors="0" timestamp="2020-12-13T15:57:43 IST" skipped="0">
  <testcase classname="ParaTest.Demo" name="Add" time="125.851"/>
  <system-out/>
</testsuite> <!-- ParaTest.Demo -->
