<?xml version="1.0" encoding="UTF-8"?>
<!-- Generated by org.testng.reporters.JUnitReportReporter -->
<testsuite hostname="DESKTOP-OJSF9Q6" failures="0" tests="1" name="utility.kitehomepageTest" time="37.998" errors="0" timestamp="2020-12-09T02:29:00 IST" skipped="0">
  <testcase classname="utility.kitehomepageTest" name="verifyAcc" time="37.998"/>
  <system-out/>
</testsuite> <!-- utility.kitehomepageTest -->
