<?xml version="1.0" encoding="UTF-8"?>
<!-- Generated by org.testng.reporters.JUnitReportReporter -->
<testsuite hostname="DESKTOP-OJSF9Q6" failures="0" tests="1" name="group.disable" time="0.045" errors="0" timestamp="2020-12-25T12:10:14 IST" skipped="0">
  <testcase classname="group.disable" name="tc5" time="0.045"/>
  <system-out>
running test case 5  </system-out>
</testsuite> <!-- group.disable -->
