<?xml version="1.0" encoding="UTF-8"?>
<!-- Generated by org.testng.reporters.JUnitReportReporter -->
<testsuite hostname="DESKTOP-OJSF9Q6" failures="0" tests="2" name="Failedtestcase.TestCase" time="0.052" errors="0" timestamp="2020-12-08T18:09:46 IST" skipped="0">
  <testcase classname="Failedtestcase.TestCase" name="TC2" time="0.048"/>
  <system-out>
running test case 2  </system-out>
  <testcase classname="Failedtestcase.TestCase" name="TC4" time="0.004"/>
  <system-out>
running test case 4  </system-out>
</testsuite> <!-- Failedtestcase.TestCase -->
