<?xml version="1.0" encoding="UTF-8"?>
<!-- Generated by org.testng.reporters.JUnitReportReporter -->
<testsuite hostname="DESKTOP-OJSF9Q6" failures="0" tests="1" name="automations.Assertion" time="0.045" errors="0" timestamp="2020-12-28T15:47:06 IST" skipped="0">
  <testcase classname="automations.Assertion" name="tc" time="0.045"/>
  <system-out>
running test case  </system-out>
</testsuite> <!-- automations.Assertion -->
