<?xml version="1.0" encoding="UTF-8"?>
<!-- Generated by org.testng.reporters.JUnitReportReporter -->
<testsuite hostname="DESKTOP-OJSF9Q6" failures="0" tests="1" name="POMDDFTestNG.kiteTest" time="56.314" errors="0" timestamp="2020-12-04T16:35:57 IST" skipped="0">
  <testcase classname="POMDDFTestNG.kiteTest" name="verify" time="56.314"/>
  <system-out/>
</testsuite> <!-- POMDDFTestNG.kiteTest -->
