<?xml version="1.0" encoding="UTF-8"?>
<!-- Generated by org.testng.reporters.JUnitReportReporter -->
<testsuite hostname="DESKTOP-OJSF9Q6" failures="0" tests="2" name="group.group" time="0.070" errors="0" timestamp="2020-12-25T12:18:23 IST" skipped="0">
  <testcase classname="group.group" name="tc4" time="0.020"/>
  <system-out>
running test case 4  </system-out>
  <testcase classname="group.group" name="tc2" time="0.050"/>
  <system-out>
running test case 2  </system-out>
</testsuite> <!-- group.group -->
