<?xml version="1.0" encoding="UTF-8"?>
<!-- Generated by org.testng.reporters.JUnitReportReporter -->
<testsuite hostname="DESKTOP-OJSF9Q6" failures="0" tests="1" name="para.p3" time="146.579" errors="0" timestamp="2020-12-17T02:53:15 IST" skipped="0">
  <testcase classname="para.p3" name="test2" time="146.579"/>
  <system-out/>
</testsuite> <!-- para.p3 -->
