<?xml version="1.0" encoding="UTF-8"?>
<!-- Generated by org.testng.reporters.JUnitReportReporter -->
<testsuite hostname="DESKTOP-OJSF9Q6" failures="0" tests="2" name="Failedtestcase.sample" time="0.052" errors="0" timestamp="2020-12-08T13:24:33 IST" skipped="0">
  <testcase classname="Failedtestcase.sample" name="TC3" time="0.004"/>
  <system-out>
running test case 3  </system-out>
  <testcase classname="Failedtestcase.sample" name="TC2" time="0.048"/>
  <system-out>
running test case 2  </system-out>
</testsuite> <!-- Failedtestcase.sample -->
