<?xml version="1.0" encoding="UTF-8"?>
<!-- Generated by org.testng.reporters.JUnitReportReporter -->
<testsuite hostname="DESKTOP-OJSF9Q6" failures="0" tests="1" name="Project_POM_DDF_TestNG.KiteHomepageTest" time="21.697" errors="0" timestamp="2020-12-07T10:53:40 IST" skipped="0">
  <testcase classname="Project_POM_DDF_TestNG.KiteHomepageTest" name="verifyprofile" time="21.697"/>
  <system-out/>
</testsuite> <!-- Project_POM_DDF_TestNG.KiteHomepageTest -->
