<?xml version="1.0" encoding="UTF-8"?>
<!-- Generated by org.testng.reporters.JUnitReportReporter -->
<testsuite hostname="DESKTOP-OJSF9Q6" failures="0" tests="2" name="grouping.group" time="0.041" errors="0" timestamp="2020-12-09T22:47:33 IST" skipped="0">
  <testcase classname="grouping.group" name="TC6" time="0.036"/>
  <system-out>
running test case 1  </system-out>
  <testcase classname="grouping.group" name="TC7" time="0.005"/>
  <system-out>
running test case 1  </system-out>
</testsuite> <!-- grouping.group -->
