<?xml version="1.0" encoding="UTF-8"?>
<!-- Generated by org.testng.reporters.JUnitReportReporter -->
<testsuite hostname="DESKTOP-OJSF9Q6" failures="0" tests="5" name="group.fail" time="0.104" errors="0" timestamp="2020-12-25T12:02:35 IST" skipped="0">
  <testcase classname="group.fail" name="tc2" time="0.011"/>
  <system-out>
running test case 2  </system-out>
  <testcase classname="group.fail" name="tc3" time="0.011"/>
  <system-out>
running test case 3  </system-out>
  <testcase classname="group.fail" name="tc5" time="0.017"/>
  <system-out>
running test case 5  </system-out>
  <testcase classname="group.fail" name="tc1" time="0.036"/>
  <system-out>
running test case 1  </system-out>
  <testcase classname="group.fail" name="tc4" time="0.029"/>
  <system-out>
running test case 4  </system-out>
</testsuite> <!-- group.fail -->
