<?xml version="1.0" encoding="UTF-8"?>
<!-- Generated by org.testng.reporters.JUnitReportReporter -->
<testsuite hostname="DESKTOP-OJSF9Q6" failures="0" tests="1" name="parallel.para2" time="48.121" errors="0" timestamp="2021-01-17T00:36:34 IST" skipped="0">
  <testcase classname="parallel.para2" name="add1" time="48.121"/>
  <system-out/>
</testsuite> <!-- parallel.para2 -->
