<?xml version="1.0" encoding="UTF-8"?>
<!-- Generated by org.testng.reporters.JUnitReportReporter -->
<testsuite hostname="DESKTOP-OJSF9Q6" failures="0" tests="1" name="grouping.grou" time="0.056" errors="0" timestamp="2020-12-16T00:09:01 IST" skipped="0">
  <testcase classname="grouping.grou" name="test4" time="0.056"/>
  <system-out>
running test case 4  </system-out>
</testsuite> <!-- grouping.grou -->
