<?xml version="1.0" encoding="UTF-8"?>
<!-- Generated by org.testng.reporters.JUnitReportReporter -->
<testsuite hostname="DESKTOP-OJSF9Q6" failures="0" tests="3" name="Failedtestcase.Sample3" time="0.036" errors="0" timestamp="2020-12-08T18:51:54 IST" skipped="0">
  <testcase classname="Failedtestcase.Sample3" name="Tc6" time="0.005"/>
  <system-out>
running test case 6  </system-out>
  <testcase classname="Failedtestcase.Sample3" name="Tc3" time="0.028"/>
  <system-out>
running test case 3  </system-out>
  <testcase classname="Failedtestcase.Sample3" name="Tc5" time="0.003"/>
  <system-out>
running test case 5  </system-out>
</testsuite> <!-- Failedtestcase.Sample3 -->
