<?xml version="1.0" encoding="UTF-8"?>
<!-- Generated by org.testng.reporters.JUnitReportReporter -->
<testsuite hostname="DESKTOP-OJSF9Q6" failures="0" tests="1" name="Project_POM_DDF.kitepageTest" time="27.423" errors="0" timestamp="2020-12-07T19:30:43 IST" skipped="0">
  <testcase classname="Project_POM_DDF.kitepageTest" name="getprofiletext" time="27.423"/>
  <system-out/>
</testsuite> <!-- Project_POM_DDF.kitepageTest -->
