<?xml version="1.0" encoding="UTF-8"?>
<!-- Generated by org.testng.reporters.JUnitReportReporter -->
<testsuite hostname="DESKTOP-OJSF9Q6" failures="0" tests="1" name="ParallelTesting.Parrale2" time="89.442" errors="0" timestamp="2020-12-13T13:01:10 IST" skipped="0">
  <testcase classname="ParallelTesting.Parrale2" name="Test2" time="89.442"/>
  <system-out/>
</testsuite> <!-- ParallelTesting.Parrale2 -->
