<?xml version="1.0" encoding="UTF-8"?>
<!-- Generated by org.testng.reporters.JUnitReportReporter -->
<testsuite hostname="DESKTOP-OJSF9Q6" failures="0" tests="3" name="grouping.Grouping" time="0.047" errors="0" timestamp="2020-12-09T22:48:59 IST" skipped="0">
  <testcase classname="grouping.Grouping" name="TC3" time="0.007"/>
  <system-out>
running test case 3  </system-out>
  <testcase classname="grouping.Grouping" name="TC2" time="0.035"/>
  <system-out>
running test case 2  </system-out>
  <testcase classname="grouping.Grouping" name="TC5" time="0.005"/>
  <system-out>
running test case 5  </system-out>
</testsuite> <!-- grouping.Grouping -->
