<?xml version="1.0" encoding="UTF-8"?>
<!-- Generated by org.testng.reporters.JUnitReportReporter -->
<testsuite hostname="DESKTOP-OJSF9Q6" failures="0" tests="1" name="ParallelTesting.PTest" time="62.925" errors="0" timestamp="2020-12-13T15:17:48 IST" skipped="0">
  <testcase classname="ParallelTesting.PTest" name="test" time="62.925"/>
  <system-out/>
</testsuite> <!-- ParallelTesting.PTest -->
