<?xml version="1.0" encoding="UTF-8"?>
<!-- Generated by org.testng.reporters.JUnitReportReporter -->
<testsuite hostname="DESKTOP-OJSF9Q6" failures="0" tests="1" name="group.assertionmethods" time="0.044" errors="0" timestamp="2020-12-25T13:44:40 IST" skipped="0">
  <testcase classname="group.assertionmethods" name="tc1" time="0.044"/>
  <system-out>
running test case  </system-out>
</testsuite> <!-- group.assertionmethods -->
