<?xml version="1.0" encoding="UTF-8"?>
<!-- Generated by org.testng.reporters.JUnitReportReporter -->
<testsuite hostname="DESKTOP-OJSF9Q6" failures="0" tests="2" name="automations.softclass" time="0.039" errors="0" timestamp="2020-12-28T18:21:05 IST" skipped="0">
  <testcase classname="automations.softclass" name="tc2" time="0.007"/>
  <system-out/>
  <testcase classname="automations.softclass" name="tc1" time="0.032"/>
  <system-out>
running test case  </system-out>
</testsuite> <!-- automations.softclass -->
