<?xml version="1.0" encoding="UTF-8"?>
<!-- Generated by org.testng.reporters.JUnitReportReporter -->
<testsuite hostname="DESKTOP-OJSF9Q6" failures="0" tests="3" name="Groupclass" time="0.035" errors="0" timestamp="2020-12-09T12:17:11 IST" skipped="0">
  <testcase classname="Groupclass" name="TC2" time="0.024"/>
  <system-out>
Running test case 2  </system-out>
  <testcase classname="Groupclass" name="TC3" time="0.005"/>
  <system-out>
running test case 3  </system-out>
  <testcase classname="Groupclass" name="TC5" time="0.006"/>
  <system-out>
running test case 5  </system-out>
</testsuite> <!-- Groupclass -->
