<?xml version="1.0" encoding="UTF-8"?>
<!-- Generated by org.testng.reporters.JUnitReportReporter -->
<testsuite hostname="DESKTOP-OJSF9Q6" failures="0" tests="4" name="Disable.sample" time="0.056" errors="0" timestamp="2020-12-09T23:11:31 IST" skipped="0">
  <testcase classname="Disable.sample" name="TC2" time="0.007"/>
  <system-out>
running test case 2  </system-out>
  <testcase classname="Disable.sample" name="Tc3" time="0.006"/>
  <system-out>
running tase case 3  </system-out>
  <testcase classname="Disable.sample" name="TC1" time="0.039"/>
  <system-out>
running test case 1  </system-out>
  <testcase classname="Disable.sample" name="Tc5" time="0.004"/>
  <system-out>
running tase case 5  </system-out>
</testsuite> <!-- Disable.sample -->
