<?xml version="1.0" encoding="UTF-8"?>
<!-- Generated by org.testng.reporters.JUnitReportReporter -->
<testsuite hostname="DESKTOP-OJSF9Q6" failures="0" tests="1" name="FailedTest_Case.Failed" time="0.003" errors="0" timestamp="2020-12-09T23:02:34 IST" skipped="0">
  <testcase classname="FailedTest_Case.Failed" name="TC7" time="0.003"/>
  <system-out>
running test case 7  </system-out>
</testsuite> <!-- FailedTest_Case.Failed -->
