<?xml version="1.0" encoding="UTF-8"?>
<!-- Generated by org.testng.reporters.JUnitReportReporter -->
<testsuite hostname="DESKTOP-OJSF9Q6" failures="0" tests="2" name="FailedTest_Case.sample" time="0.047" errors="0" timestamp="2020-12-09T23:02:34 IST" skipped="0">
  <testcase classname="FailedTest_Case.sample" name="TC4" time="0.006"/>
  <system-out>
running test case 4  </system-out>
  <testcase classname="FailedTest_Case.sample" name="TC2" time="0.041"/>
  <system-out>
running test case 2  </system-out>
</testsuite> <!-- FailedTest_Case.sample -->
