<?xml version="1.0" encoding="UTF-8"?>
<!-- Generated by org.testng.reporters.JUnitReportReporter -->
<testsuite hostname="DESKTOP-OJSF9Q6" failures="0" tests="1" name="ParallelTesting.Paralle1" time="97.130" errors="0" timestamp="2020-12-13T13:01:09 IST" skipped="0">
  <testcase classname="ParallelTesting.Paralle1" name="test" time="97.130"/>
  <system-out/>
</testsuite> <!-- ParallelTesting.Paralle1 -->
