<?xml version="1.0" encoding="UTF-8"?>
<!-- Generated by org.testng.reporters.JUnitReportReporter -->
<testsuite hostname="DESKTOP-OJSF9Q6" failures="0" tests="3" name="parallel.failreport" time="0.053" errors="0" timestamp="2021-01-18T14:41:58 IST" skipped="0">
  <testcase classname="parallel.failreport" name="tc3" time="0.008"/>
  <system-out>
running test case 3  </system-out>
  <testcase classname="parallel.failreport" name="tc1" time="0.035"/>
  <system-out>
running test case 1  </system-out>
  <testcase classname="parallel.failreport" name="tc5" time="0.010"/>
  <system-out>
running test case 5  </system-out>
</testsuite> <!-- parallel.failreport -->
