<?xml version="1.0" encoding="UTF-8"?>
<!-- Generated by org.testng.reporters.JUnitReportReporter -->
<testsuite hostname="DESKTOP-OJSF9Q6" failures="0" tests="1" name="ParaTest.Demo1" time="123.047" errors="0" timestamp="2020-12-13T15:57:42 IST" skipped="0">
  <testcase classname="ParaTest.Demo1" name="Add1" time="123.047"/>
  <system-out/>
</testsuite> <!-- ParaTest.Demo1 -->
