<?xml version="1.0" encoding="UTF-8"?>
<!-- Generated by org.testng.reporters.JUnitReportReporter -->
<testsuite hostname="DESKTOP-OJSF9Q6" failures="0" tests="1" name="automations.hard" time="0.046" errors="0" timestamp="2020-12-28T18:25:00 IST" skipped="0">
  <testcase classname="automations.hard" name="tc2" time="0.046"/>
  <system-out/>
</testsuite> <!-- automations.hard -->
